2015-05-24 19:30:58,964 - __main__ - INFO - Getting Command Line Parameters
2015-05-24 19:31:52,363 - __main__ - INFO - Getting Command Line Parameters
2015-05-24 19:32:17,502 - __main__ - INFO - Getting Command Line Parameters
2015-05-24 19:32:30,210 - __main__ - INFO - Getting Command Line Parameters
2015-05-24 19:32:42,628 - __main__ - INFO - Getting Command Line Parameters
2015-05-24 19:34:03,641 - __main__ - INFO - Getting Command Line Parameters
2015-05-24 19:34:03,646 - __main__ - INFO - CMD received through cmd line =
2015-05-24 19:34:09,681 - __main__ - INFO - Getting Command Line Parameters
2015-05-24 19:34:09,686 - __main__ - INFO - CMD received through cmd line =
2015-05-24 19:34:17,819 - __main__ - INFO - Getting Command Line Parameters
2015-05-24 19:34:17,823 - __main__ - INFO - CMD received through cmd line =
2015-05-24 19:35:11,020 - __main__ - INFO - Getting Command Line Parameters
2015-05-24 19:37:45,813 - __main__ - INFO - Getting Command Line Parameters
2015-05-24 19:37:45,823 - __main__ - INFO - CMD received through cmd line = Stop
2015-05-24 19:37:57,747 - __main__ - INFO - Getting Command Line Parameters
2015-05-24 19:37:57,751 - __main__ - INFO - CMD received through cmd line = Simpsons
2015-05-24 19:38:11,070 - __main__ - INFO - Getting Command Line Parameters
2015-05-24 19:38:11,074 - __main__ - INFO - CMD received through cmd line = Stop
2015-05-24 19:38:15,099 - __main__ - INFO - Getting Command Line Parameters
2015-05-24 19:38:15,103 - __main__ - INFO - CMD received through cmd line = Simpson
2015-05-24 19:38:19,510 - __main__ - INFO - Getting Command Line Parameters
2015-05-24 19:38:19,514 - __main__ - INFO - CMD received through cmd line = Simpsons
2015-05-24 20:50:03,482 - __main__ - INFO - Getting Command Line Parameters
2015-05-24 20:50:03,486 - __main__ - INFO - CMD received through cmd line = Simpsons
2015-05-24 21:11:52,456 - __main__ - INFO - Getting Command Line Parameters
2015-05-24 22:52:26,145 - __main__ - INFO - Getting Command Line Parameters
2015-05-24 22:54:17,311 - __main__ - INFO - Getting Command Line Parameters
2015-05-25 01:22:39,862 - __main__ - INFO - Getting Command Line Parameters
2015-05-25 01:23:39,326 - __main__ - INFO - Getting Command Line Parameters
2015-05-25 01:23:58,252 - __main__ - INFO - Getting Command Line Parameters
2015-05-25 01:27:06,219 - __main__ - INFO - Getting Command Line Parameters
2015-05-29 21:19:38,192 - __main__ - INFO - Getting Command Line Parameters
2015-05-29 21:40:18,451 - __main__ - INFO - Getting Command Line Parameters
2015-05-29 21:43:58,978 - __main__ - INFO - Getting Command Line Parameters
2015-05-29 21:46:05,766 - __main__ - INFO - Getting Command Line Parameters
2015-05-29 21:46:09,351 - __main__ - INFO - Getting Command Line Parameters
2015-05-29 21:46:18,094 - __main__ - INFO - Getting Command Line Parameters
2015-05-29 21:46:18,099 - __main__ - INFO - CMD received through cmd line = Descensor
2015-05-29 21:46:56,092 - __main__ - INFO - Getting Command Line Parameters
2015-05-29 21:46:56,096 - __main__ - INFO - CMD received through cmd line = Descensor
2015-05-29 21:51:10,699 - __main__ - INFO - Getting Command Line Parameters
2015-05-29 22:26:21,544 - __main__ - INFO - Getting Command Line Parameters
2015-05-29 22:26:21,548 - __main__ - INFO - CMD received through cmd line = Descensor
2015-05-29 22:26:38,465 - __main__ - INFO - Getting Command Line Parameters
2015-05-29 22:26:38,469 - __main__ - INFO - CMD received through cmd line = Descensor
2015-06-04 01:23:35,802 - __main__ - INFO - Getting Command Line Parameters
